<?xml version="1.0" encoding="UTF-8"?>
<testng-results skipped="0" failed="0" ignored="0" total="1" passed="1">
  <reporter-output>
  </reporter-output>
  <suite name="Default suite" duration-ms="204" started-at="2017-04-25T05:13:45Z" finished-at="2017-04-25T05:13:45Z">
    <groups>
    </groups>
    <test name="Default test" duration-ms="204" started-at="2017-04-25T05:13:45Z" finished-at="2017-04-25T05:13:45Z">
      <class name="guru99.gittest.AppTest">
        <test-method status="PASS" signature="browserLaunch()[pri:0, instance:guru99.gittest.AppTest@5ae9a829]" name="browserLaunch" duration-ms="103" started-at="2017-04-25T00:13:45Z" finished-at="2017-04-25T00:13:45Z">
          <reporter-output>
          </reporter-output>
        </test-method> <!-- browserLaunch -->
      </class> <!-- guru99.gittest.AppTest -->
    </test> <!-- Default test -->
  </suite> <!-- Default suite -->
</testng-results>
